  [1m[35m (200.3ms)[0m  [1m[35mCREATE DATABASE "accounting_development" ENCODING = 'unicode' /*application='Accounting'*/[0m
  [1m[35mSQL (0.2ms)[0m  [1m[35mSET search_path TO public /*application='Accounting'*/[0m
  [1m[35m (101.8ms)[0m  [1m[35mCREATE DATABASE "accounting_development" ENCODING = 'unicode' /*application='Accounting'*/[0m
  [1m[35mSQL (0.3ms)[0m  [1m[35mSET search_path TO public /*application='Accounting'*/[0m
  [1m[35m (71.5ms)[0m  [1m[35mCREATE DATABASE "accounting_test" ENCODING = 'unicode' /*application='Accounting'*/[0m
  [1m[35m (3.6ms)[0m  [1m[35mCREATE TABLE "schema_migrations" ("version" character varying NOT NULL PRIMARY KEY) /*application='Accounting'*/[0m
  [1m[35m (2.9ms)[0m  [1m[35mCREATE TABLE "ar_internal_metadata" ("key" character varying NOT NULL PRIMARY KEY, "value" character varying, "created_at" timestamp(6) NOT NULL, "updated_at" timestamp(6) NOT NULL) /*application='Accounting'*/[0m
  [1m[35m (0.3ms)[0m  [1m[34mSELECT pg_try_advisory_lock(6491073710902872210) /*application='Accounting'*/[0m
  [1m[36mActiveRecord::SchemaMigration Load (1.3ms)[0m  [1m[34mSELECT "schema_migrations"."version" FROM "schema_migrations" ORDER BY "schema_migrations"."version" ASC /*application='Accounting'*/[0m
  [1m[36mActiveRecord::InternalMetadata Load (1.5ms)[0m  [1m[34mSELECT * FROM "ar_internal_metadata" WHERE "ar_internal_metadata"."key" = 'environment' ORDER BY "ar_internal_metadata"."key" ASC LIMIT 1 /*application='Accounting'*/[0m
  [1m[36mActiveRecord::InternalMetadata Create (1.3ms)[0m  [1m[32mINSERT INTO "ar_internal_metadata" ("key", "value", "created_at", "updated_at") VALUES ('environment', 'development', '2026-06-20 07:31:18.729701', '2026-06-20 07:31:18.729703') RETURNING "key" /*application='Accounting'*/[0m
Migrating to CreateTransactions (20260620073045)
  [1m[36mTRANSACTION (0.6ms)[0m  [1m[35mBEGIN /*application='Accounting'*/[0m
  [1m[35m (8.1ms)[0m  [1m[35mCREATE TABLE "transactions" ("id" bigserial primary key, "amount" integer NOT NULL, "kind" character varying NOT NULL, "occurred_on" date NOT NULL, "category" character varying, "note" text, "created_at" timestamp(6) NOT NULL, "updated_at" timestamp(6) NOT NULL) /*application='Accounting'*/[0m
  [1m[36mActiveRecord::SchemaMigration Create (0.4ms)[0m  [1m[32mINSERT INTO "schema_migrations" ("version") VALUES ('20260620073045') RETURNING "version" /*application='Accounting'*/[0m
  [1m[36mTRANSACTION (0.5ms)[0m  [1m[35mCOMMIT /*application='Accounting'*/[0m
  [1m[35m (0.3ms)[0m  [1m[34mSELECT pg_advisory_unlock(6491073710902872210) /*application='Accounting'*/[0m
  [1m[36mActiveRecord::SchemaMigration Load (0.3ms)[0m  [1m[34mSELECT "schema_migrations"."version" FROM "schema_migrations" ORDER BY "schema_migrations"."version" ASC /*application='Accounting'*/[0m
Started GET "/" for ::1 at 2026-06-20 15:35:09 +0800
  [1m[36mActiveRecord::SchemaMigration Load (0.6ms)[0m  [1m[34mSELECT "schema_migrations"."version" FROM "schema_migrations" ORDER BY "schema_migrations"."version" ASC /*application='Accounting'*/[0m
Processing by TransactionsController#new as HTML
  Rendering layout layouts/application.html.erb
  Rendering transactions/new.html.erb within layouts/application
  Rendered transactions/new.html.erb within layouts/application (Duration: 7.3ms | GC: 0.0ms)
  Rendered layout layouts/application.html.erb (Duration: 12.5ms | GC: 0.0ms)
Completed 200 OK in 92ms (Views: 16.8ms | ActiveRecord: 8.1ms (0 queries, 0 cached) | GC: 0.0ms)


Started POST "/transactions" for ::1 at 2026-06-20 15:35:38 +0800
Processing by TransactionsController#create as TURBO_STREAM
  Parameters: {"authenticity_token"=>"[FILTERED]", "transaction"=>{"kind"=>"income", "amount"=>"52996", "occurred_on"=>"2026-06-01", "category"=>"", "note"=>""}, "commit"=>"新增"}
  [1m[36mTRANSACTION (0.9ms)[0m  [1m[35mBEGIN /*action='create',application='Accounting',controller='transactions'*/[0m
  ↳ app/controllers/transactions_controller.rb:10:in `create'
  [1m[36mTransaction Create (3.8ms)[0m  [1m[32mINSERT INTO "transactions" ("amount", "kind", "occurred_on", "category", "note", "created_at", "updated_at") VALUES (52996, 'income', '2026-06-01', '', '', '2026-06-20 07:35:38.142483', '2026-06-20 07:35:38.142483') RETURNING "id" /*action='create',application='Accounting',controller='transactions'*/[0m
  ↳ app/controllers/transactions_controller.rb:10:in `create'
  [1m[36mTRANSACTION (1.7ms)[0m  [1m[35mCOMMIT /*action='create',application='Accounting',controller='transactions'*/[0m
  ↳ app/controllers/transactions_controller.rb:10:in `create'
Redirected to http://localhost:3000/transactions/new
Completed 302 Found in 36ms (ActiveRecord: 6.5ms (1 query, 0 cached) | GC: 0.0ms)


Started GET "/transactions/new" for ::1 at 2026-06-20 15:35:38 +0800
Processing by TransactionsController#new as TURBO_STREAM
  Rendering layout layouts/application.html.erb
  Rendering transactions/new.html.erb within layouts/application
  Rendered transactions/new.html.erb within layouts/application (Duration: 0.7ms | GC: 0.0ms)
  Rendered layout layouts/application.html.erb (Duration: 1.0ms | GC: 0.0ms)
Completed 200 OK in 23ms (Views: 1.2ms | ActiveRecord: 0.0ms (0 queries, 0 cached) | GC: 0.0ms)


Started GET "/transactions/new" for ::1 at 2026-06-20 15:35:50 +0800
Processing by TransactionsController#new as HTML
  Rendering layout layouts/application.html.erb
  Rendering transactions/new.html.erb within layouts/application
  Rendered transactions/new.html.erb within layouts/application (Duration: 0.8ms | GC: 0.0ms)
  Rendered layout layouts/application.html.erb (Duration: 7.3ms | GC: 6.1ms)
Completed 200 OK in 37ms (Views: 7.6ms | ActiveRecord: 0.0ms (0 queries, 0 cached) | GC: 6.1ms)


Started GET "/transactions/" for ::1 at 2026-06-20 15:35:54 +0800
  
ActionController::RoutingError (No route matches [GET] "/transactions"):
  
Started GET "/transactions/index" for ::1 at 2026-06-20 15:35:56 +0800
  
ActionController::RoutingError (No route matches [GET] "/transactions/index"):
  
Started GET "/transactions/index" for ::1 at 2026-06-20 15:37:22 +0800
  [1m[36mActiveRecord::SchemaMigration Load (0.6ms)[0m  [1m[34mSELECT "schema_migrations"."version" FROM "schema_migrations" ORDER BY "schema_migrations"."version" ASC /*application='Accounting'*/[0m
  
ActionController::RoutingError (No route matches [GET] "/transactions/index"):
  
Started GET "/transactions/new" for ::1 at 2026-06-20 15:37:25 +0800
Processing by TransactionsController#new as HTML
  Rendering layout layouts/application.html.erb
  Rendering transactions/new.html.erb within layouts/application
  Rendered transactions/new.html.erb within layouts/application (Duration: 2.8ms | GC: 0.0ms)
  Rendered layout layouts/application.html.erb (Duration: 7.5ms | GC: 0.0ms)
Completed 200 OK in 75ms (Views: 8.4ms | ActiveRecord: 8.7ms (0 queries, 0 cached) | GC: 0.2ms)


Started GET "/transactions/new" for ::1 at 2026-06-20 15:40:46 +0800
  [1m[36mActiveRecord::SchemaMigration Load (0.7ms)[0m  [1m[34mSELECT "schema_migrations"."version" FROM "schema_migrations" ORDER BY "schema_migrations"."version" ASC /*application='Accounting'*/[0m
Processing by TransactionsController#new as HTML
  Rendering layout layouts/application.html.erb
  Rendering transactions/new.html.erb within layouts/application
  Rendered transactions/new.html.erb within layouts/application (Duration: 6.2ms | GC: 0.0ms)
  Rendered layout layouts/application.html.erb (Duration: 11.6ms | GC: 0.0ms)
Completed 200 OK in 78ms (Views: 13.9ms | ActiveRecord: 9.5ms (0 queries, 0 cached) | GC: 0.3ms)


Started GET "/transactions" for ::1 at 2026-06-20 15:40:47 +0800
Processing by TransactionsController#index as HTML
  Rendering layout layouts/application.html.erb
  Rendering transactions/index.html.erb within layouts/application
  [1m[36mTransaction Exists? (0.7ms)[0m  [1m[34mSELECT 1 AS one FROM "transactions" LIMIT 1 /*action='index',application='Accounting',controller='transactions'*/[0m
  ↳ app/views/transactions/index.html.erb:9
  [1m[36mTransaction Load (0.5ms)[0m  [1m[34mSELECT "transactions".* FROM "transactions" ORDER BY "transactions"."occurred_on" DESC, "transactions"."created_at" DESC /*action='index',application='Accounting',controller='transactions'*/[0m
  ↳ app/views/transactions/index.html.erb:10
  Rendered transactions/index.html.erb within layouts/application (Duration: 7.5ms | GC: 0.0ms)
  Rendered layout layouts/application.html.erb (Duration: 8.1ms | GC: 0.0ms)
Completed 200 OK in 41ms (Views: 7.1ms | ActiveRecord: 1.2ms (2 queries, 0 cached) | GC: 0.0ms)


Started GET "/transactions/new" for ::1 at 2026-06-20 15:40:48 +0800
Processing by TransactionsController#new as HTML
  Rendering layout layouts/application.html.erb
  Rendering transactions/new.html.erb within layouts/application
  Rendered transactions/new.html.erb within layouts/application (Duration: 0.8ms | GC: 0.0ms)
  Rendered layout layouts/application.html.erb (Duration: 1.1ms | GC: 0.0ms)
Completed 200 OK in 30ms (Views: 1.2ms | ActiveRecord: 0.0ms (0 queries, 0 cached) | GC: 0.0ms)


Started GET "/transactions/new" for ::1 at 2026-06-20 15:41:01 +0800
Processing by TransactionsController#new as HTML
  Rendering layout layouts/application.html.erb
  Rendering transactions/new.html.erb within layouts/application
  Rendered transactions/new.html.erb within layouts/application (Duration: 0.8ms | GC: 0.0ms)
  Rendered layout layouts/application.html.erb (Duration: 1.1ms | GC: 0.0ms)
Completed 200 OK in 28ms (Views: 1.3ms | ActiveRecord: 0.0ms (0 queries, 0 cached) | GC: 0.0ms)


Started GET "/transactions" for ::1 at 2026-06-20 15:41:16 +0800
Processing by TransactionsController#index as HTML
  Rendering layout layouts/application.html.erb
  Rendering transactions/index.html.erb within layouts/application
  [1m[36mTransaction Exists? (2.5ms)[0m  [1m[34mSELECT 1 AS one FROM "transactions" LIMIT 1 /*action='index',application='Accounting',controller='transactions'*/[0m
  ↳ app/views/transactions/index.html.erb:9
  [1m[36mTransaction Load (1.1ms)[0m  [1m[34mSELECT "transactions".* FROM "transactions" ORDER BY "transactions"."occurred_on" DESC, "transactions"."created_at" DESC /*action='index',application='Accounting',controller='transactions'*/[0m
  ↳ app/views/transactions/index.html.erb:10
  Rendered transactions/index.html.erb within layouts/application (Duration: 5.0ms | GC: 0.0ms)
  Rendered layout layouts/application.html.erb (Duration: 5.5ms | GC: 0.0ms)
Completed 200 OK in 34ms (Views: 2.1ms | ActiveRecord: 3.6ms (2 queries, 0 cached) | GC: 0.0ms)


Started GET "/" for 192.168.65.1 at 2026-06-20 07:53:35 +0000
  [1m[36mActiveRecord::SchemaMigration Load (1.6ms)[0m  [1m[34mSELECT "schema_migrations"."version" FROM "schema_migrations" ORDER BY "schema_migrations"."version" ASC /*application='Accounting'*/[0m
Processing by TransactionsController#new as HTML
  Rendering layout layouts/application.html.erb
  Rendering transactions/new.html.erb within layouts/application
  Rendered transactions/new.html.erb within layouts/application (Duration: 29.3ms | GC: 0.0ms)
  Rendered layout layouts/application.html.erb (Duration: 46.7ms | GC: 0.0ms)
Completed 200 OK in 203ms (Views: 55.9ms | ActiveRecord: 10.1ms (0 queries, 0 cached) | GC: 0.8ms)


Started GET "/" for 192.168.65.1 at 2026-06-20 07:53:41 +0000
Processing by TransactionsController#new as HTML
  Rendering layout layouts/application.html.erb
  Rendering transactions/new.html.erb within layouts/application
  Rendered transactions/new.html.erb within layouts/application (Duration: 3.7ms | GC: 0.0ms)
  Rendered layout layouts/application.html.erb (Duration: 4.5ms | GC: 0.0ms)
Completed 200 OK in 44ms (Views: 4.9ms | ActiveRecord: 0.0ms (0 queries, 0 cached) | GC: 0.0ms)


Started GET "/transactions" for 192.168.65.1 at 2026-06-20 07:53:44 +0000
Processing by TransactionsController#index as HTML
  Rendering layout layouts/application.html.erb
  Rendering transactions/index.html.erb within layouts/application
  [1m[36mTransaction Exists? (1.4ms)[0m  [1m[34mSELECT 1 AS one FROM "transactions" LIMIT 1 /*action='index',application='Accounting',controller='transactions'*/[0m
  ↳ app/views/transactions/index.html.erb:9
  [1m[36mTransaction Load (0.4ms)[0m  [1m[34mSELECT "transactions".* FROM "transactions" ORDER BY "transactions"."occurred_on" DESC, "transactions"."created_at" DESC /*action='index',application='Accounting',controller='transactions'*/[0m
  ↳ app/views/transactions/index.html.erb:10
  Rendered transactions/index.html.erb within layouts/application (Duration: 25.9ms | GC: 6.8ms)
  Rendered layout layouts/application.html.erb (Duration: 28.8ms | GC: 6.8ms)
Completed 200 OK in 77ms (Views: 27.6ms | ActiveRecord: 1.7ms (2 queries, 0 cached) | GC: 6.8ms)


Started GET "/transactions/new" for 192.168.65.1 at 2026-06-20 07:53:44 +0000
Processing by TransactionsController#new as HTML
  Rendering layout layouts/application.html.erb
  Rendering transactions/new.html.erb within layouts/application
  Rendered transactions/new.html.erb within layouts/application (Duration: 6.2ms | GC: 0.0ms)
  Rendered layout layouts/application.html.erb (Duration: 6.9ms | GC: 0.0ms)
Completed 200 OK in 43ms (Views: 7.1ms | ActiveRecord: 0.0ms (0 queries, 0 cached) | GC: 0.0ms)


